INFO [2022-01-27 10:19:30,531] Opening		Friday December 10, 2021 06-08 AM.dat
INFO [2022-01-27 10:19:30,531] ___Not changed___ Friday December 10, 2021 06-08 AM.dat

INFO [2022-01-27 10:19:30,532] Opening		Friday November 12, 2021 06-26 AM.dat
INFO [2022-01-27 10:19:30,532] ___Not changed___ Friday November 12, 2021 06-26 AM.dat

INFO [2022-01-27 10:19:30,532] Opening		Friday October 1, 2021 08-05 AM.dat
INFO [2022-01-27 10:19:30,532] Processing	Friday October 1, 2021 08-05 AM.dat
INFO [2022-01-27 10:20:04,166] === Completed === Friday October 1, 2021 08-05 AM.dat

INFO [2022-01-27 10:20:04,166] Opening		Friday October 22, 2021 04-30 AM.dat
INFO [2022-01-27 10:20:04,167] Processing	Friday October 22, 2021 04-30 AM.dat
INFO [2022-01-27 10:20:48,959] === Completed === Friday October 22, 2021 04-30 AM.dat

INFO [2022-01-27 10:20:48,959] Opening		Friday October 8, 2021 06-37 AM.dat
INFO [2022-01-27 10:20:48,959] Processing	Friday October 8, 2021 06-37 AM.dat
INFO [2022-01-27 10:21:14,981] === Completed === Friday October 8, 2021 06-37 AM.dat

INFO [2022-01-27 10:21:14,982] Opening		Friday September 24, 2021 06-34 AM.dat
INFO [2022-01-27 10:21:14,982] Processing	Friday September 24, 2021 06-34 AM.dat
INFO [2022-01-27 10:22:03,250] === Completed === Friday September 24, 2021 06-34 AM.dat

INFO [2022-01-27 10:22:03,250] Opening		Monday December 13, 2021 07-18 AM.dat
INFO [2022-01-27 10:22:03,251] ___Not changed___ Monday December 13, 2021 07-18 AM.dat

INFO [2022-01-27 10:22:03,251] Opening		Monday December 6, 2021 01-27 PM.dat
INFO [2022-01-27 10:22:03,252] ___Not changed___ Monday December 6, 2021 01-27 PM.dat

INFO [2022-01-27 10:22:03,252] Opening		Monday November 15, 2021 01-04 PM.dat
INFO [2022-01-27 10:22:03,252] ___Not changed___ Monday November 15, 2021 01-04 PM.dat

INFO [2022-01-27 10:22:03,253] Opening		Monday November 15, 2021 07-53 AM.dat
INFO [2022-01-27 10:22:03,253] ___Not changed___ Monday November 15, 2021 07-53 AM.dat

INFO [2022-01-27 10:22:03,254] Opening		Monday November 22, 2021 08-34 AM.dat
INFO [2022-01-27 10:22:03,254] ___Not changed___ Monday November 22, 2021 08-34 AM.dat

INFO [2022-01-27 10:22:03,254] Opening		Monday November 29, 2021 01-11 PM.dat
INFO [2022-01-27 10:22:03,255] ___Not changed___ Monday November 29, 2021 01-11 PM.dat

INFO [2022-01-27 10:22:03,255] Opening		Monday November 29, 2021 12-03 PM.dat
INFO [2022-01-27 10:22:03,255] ___Not changed___ Monday November 29, 2021 12-03 PM.dat

INFO [2022-01-27 10:22:03,256] Opening		Monday October 18, 2021 05-21 AM.dat
INFO [2022-01-27 10:22:03,256] Processing	Monday October 18, 2021 05-21 AM.dat
INFO [2022-01-27 10:22:39,792] === Completed === Monday October 18, 2021 05-21 AM.dat

INFO [2022-01-27 10:22:39,792] Opening		Monday October 4, 2021 05-45 AM.dat
INFO [2022-01-27 10:22:39,792] Processing	Monday October 4, 2021 05-45 AM.dat
INFO [2022-01-27 10:23:17,134] === Completed === Monday October 4, 2021 05-45 AM.dat

INFO [2022-01-27 10:23:17,134] Opening		Monday September 13, 2021 12-17 PM.dat
INFO [2022-01-27 10:23:17,135] Processing	Monday September 13, 2021 12-17 PM.dat
INFO [2022-01-27 10:23:58,376] === Completed === Monday September 13, 2021 12-17 PM.dat

INFO [2022-01-27 10:23:58,376] Opening		Saturday December 4, 2021 12-39 PM.dat
INFO [2022-01-27 10:23:58,378] ___Not changed___ Saturday December 4, 2021 12-39 PM.dat

INFO [2022-01-27 10:23:58,378] Opening		Saturday November 6, 2021 11-36 AM.dat
INFO [2022-01-27 10:23:58,378] ___Not changed___ Saturday November 6, 2021 11-36 AM.dat

INFO [2022-01-27 10:23:58,379] Opening		Saturday October 16, 2021 09-26 AM.dat
INFO [2022-01-27 10:23:58,379] Processing	Saturday October 16, 2021 09-26 AM.dat
INFO [2022-01-27 10:24:33,492] === Completed === Saturday October 16, 2021 09-26 AM.dat

INFO [2022-01-27 10:24:33,492] Opening		Saturday September 25, 2021 06-34 AM.dat
INFO [2022-01-27 10:24:33,493] Processing	Saturday September 25, 2021 06-34 AM.dat
INFO [2022-01-27 10:25:17,846] === Completed === Saturday September 25, 2021 06-34 AM.dat

INFO [2022-01-27 10:25:17,847] Opening		Sunday December 5, 2021 08-40 AM.dat
INFO [2022-01-27 10:25:17,848] ___Not changed___ Sunday December 5, 2021 08-40 AM.dat

INFO [2022-01-27 10:25:17,849] Opening		Sunday November 21, 2021 06-34 AM.dat
INFO [2022-01-27 10:25:17,849] ___Not changed___ Sunday November 21, 2021 06-34 AM.dat

INFO [2022-01-27 10:25:17,850] Opening		Sunday October 10, 2021 05-30 AM.dat
INFO [2022-01-27 10:25:17,851] Processing	Sunday October 10, 2021 05-30 AM.dat
INFO [2022-01-27 10:26:02,139] === Completed === Sunday October 10, 2021 05-30 AM.dat

INFO [2022-01-27 10:26:02,139] Opening		Sunday October 10, 2021 11-18 AM.dat
INFO [2022-01-27 10:26:02,140] Processing	Sunday October 10, 2021 11-18 AM.dat
INFO [2022-01-27 10:26:47,099] === Completed === Sunday October 10, 2021 11-18 AM.dat

INFO [2022-01-27 10:26:47,099] Opening		Sunday October 17, 2021 07-25 AM.dat
INFO [2022-01-27 10:26:47,100] Processing	Sunday October 17, 2021 07-25 AM.dat
INFO [2022-01-27 10:27:28,864] === Completed === Sunday October 17, 2021 07-25 AM.dat

INFO [2022-01-27 10:27:28,865] Opening		Sunday October 3, 2021 03-21 PM.dat
INFO [2022-01-27 10:27:28,865] Processing	Sunday October 3, 2021 03-21 PM.dat
INFO [2022-01-27 10:27:51,033] === Completed === Sunday October 3, 2021 03-21 PM.dat

INFO [2022-01-27 10:27:51,033] Opening		Sunday September 26, 2021 08-00 AM.dat
INFO [2022-01-27 10:27:51,034] Processing	Sunday September 26, 2021 08-00 AM.dat
INFO [2022-01-27 10:28:31,685] === Completed === Sunday September 26, 2021 08-00 AM.dat

INFO [2022-01-27 10:28:31,685] Opening		Thursday August 26, 2021 09-14 AM.dat
INFO [2022-01-27 10:28:31,686] ___Not changed___ Thursday August 26, 2021 09-14 AM.dat

INFO [2022-01-27 10:28:31,686] Opening		Thursday August 26, 2021 10-52 AM.dat
INFO [2022-01-27 10:28:31,686] ___Not changed___ Thursday August 26, 2021 10-52 AM.dat

INFO [2022-01-27 10:28:31,687] Opening		Thursday December 2, 2021 09-34 AM.dat
INFO [2022-01-27 10:28:31,687] ___Not changed___ Thursday December 2, 2021 09-34 AM.dat

INFO [2022-01-27 10:28:31,688] Opening		Thursday November 18, 2021 01-17 PM.dat
INFO [2022-01-27 10:28:31,688] ___Not changed___ Thursday November 18, 2021 01-17 PM.dat

INFO [2022-01-27 10:28:31,689] Opening		Thursday October 14, 2021 06-26 AM.dat
INFO [2022-01-27 10:28:31,689] Processing	Thursday October 14, 2021 06-26 AM.dat
INFO [2022-01-27 10:29:04,260] === Completed === Thursday October 14, 2021 06-26 AM.dat

INFO [2022-01-27 10:29:04,260] Opening		Thursday October 21, 2021 07-49 AM.dat
INFO [2022-01-27 10:29:04,261] Processing	Thursday October 21, 2021 07-49 AM.dat
INFO [2022-01-27 10:29:47,808] === Completed === Thursday October 21, 2021 07-49 AM.dat

INFO [2022-01-27 10:29:47,809] Opening		Thursday October 7, 2021 11-06 AM.dat
INFO [2022-01-27 10:29:47,809] Processing	Thursday October 7, 2021 11-06 AM.dat
INFO [2022-01-27 10:30:23,072] === Completed === Thursday October 7, 2021 11-06 AM.dat

INFO [2022-01-27 10:30:23,072] Opening		Thursday September 23, 2021 01-04 PM.dat
INFO [2022-01-27 10:30:23,072] Processing	Thursday September 23, 2021 01-04 PM.dat
INFO [2022-01-27 10:30:55,445] === Completed === Thursday September 23, 2021 01-04 PM.dat

INFO [2022-01-27 10:30:55,445] Opening		Tuesday August 24, 2021 01-39 PM.dat
INFO [2022-01-27 10:30:55,449] ___Not changed___ Tuesday August 24, 2021 01-39 PM.dat

INFO [2022-01-27 10:30:55,449] Opening		Tuesday December 14, 2021 11-36 AM.dat
INFO [2022-01-27 10:30:55,450] ___Not changed___ Tuesday December 14, 2021 11-36 AM.dat

INFO [2022-01-27 10:30:55,450] Opening		Tuesday November 16, 2021 12-02 PM.dat
INFO [2022-01-27 10:30:55,450] ___Not changed___ Tuesday November 16, 2021 12-02 PM.dat

INFO [2022-01-27 10:30:55,451] Opening		Tuesday November 23, 2021 06-36 AM.dat
INFO [2022-01-27 10:30:55,451] ___Not changed___ Tuesday November 23, 2021 06-36 AM.dat

INFO [2022-01-27 10:30:55,451] Opening		Tuesday October 12, 2021 04-33 AM.dat
INFO [2022-01-27 10:30:55,452] Processing	Tuesday October 12, 2021 04-33 AM.dat
INFO [2022-01-27 10:31:33,246] === Completed === Tuesday October 12, 2021 04-33 AM.dat

INFO [2022-01-27 10:31:33,246] Opening		Tuesday October 19, 2021 07-28 AM.dat
INFO [2022-01-27 10:31:33,247] Processing	Tuesday October 19, 2021 07-28 AM.dat
INFO [2022-01-27 10:32:11,866] === Completed === Tuesday October 19, 2021 07-28 AM.dat

INFO [2022-01-27 10:32:11,866] Opening		Tuesday October 26, 2021 05-38 AM.dat
INFO [2022-01-27 10:32:11,866] Processing	Tuesday October 26, 2021 05-38 AM.dat
INFO [2022-01-27 10:32:27,950] === Completed === Tuesday October 26, 2021 05-38 AM.dat

INFO [2022-01-27 10:32:27,950] Opening		Tuesday October 5, 2021 12-03 PM.dat
INFO [2022-01-27 10:32:27,950] Processing	Tuesday October 5, 2021 12-03 PM.dat
INFO [2022-01-27 10:33:06,781] === Completed === Tuesday October 5, 2021 12-03 PM.dat

INFO [2022-01-27 10:33:06,781] Opening		Tuesday September 14, 2021 05-23 AM.dat
INFO [2022-01-27 10:33:06,782] Processing	Tuesday September 14, 2021 05-23 AM.dat
INFO [2022-01-27 10:33:49,726] === Completed === Tuesday September 14, 2021 05-23 AM.dat

INFO [2022-01-27 10:33:49,726] Opening		Tuesday September 14, 2021 12-39 PM.dat
INFO [2022-01-27 10:33:49,727] Processing	Tuesday September 14, 2021 12-39 PM.dat
INFO [2022-01-27 10:34:28,934] === Completed === Tuesday September 14, 2021 12-39 PM.dat

INFO [2022-01-27 10:34:28,934] Opening		Tuesday September 28, 2021 05-23 AM.dat
INFO [2022-01-27 10:34:28,935] Processing	Tuesday September 28, 2021 05-23 AM.dat
INFO [2022-01-27 10:35:06,746] === Completed === Tuesday September 28, 2021 05-23 AM.dat

INFO [2022-01-27 10:35:06,746] Opening		Wednesday December 1, 2021 06-39 AM.dat
INFO [2022-01-27 10:35:06,750] ___Not changed___ Wednesday December 1, 2021 06-39 AM.dat

INFO [2022-01-27 10:35:06,751] Opening		Wednesday December 8, 2021 12-18 PM.dat
INFO [2022-01-27 10:35:06,752] ___Not changed___ Wednesday December 8, 2021 12-18 PM.dat

INFO [2022-01-27 10:35:06,752] Opening		Wednesday November 10, 2021 12-33 PM.dat
INFO [2022-01-27 10:35:06,753] ___Not changed___ Wednesday November 10, 2021 12-33 PM.dat

INFO [2022-01-27 10:35:06,754] Opening		Wednesday November 17, 2021 01-44 PM.dat
INFO [2022-01-27 10:35:06,755] ___Not changed___ Wednesday November 17, 2021 01-44 PM.dat

INFO [2022-01-27 10:35:06,755] Opening		Wednesday November 3, 2021 10-19 AM.dat
INFO [2022-01-27 10:35:06,756] Processing	Wednesday November 3, 2021 10-19 AM.dat
INFO [2022-01-27 10:35:50,635] === Completed === Wednesday November 3, 2021 10-19 AM.dat

INFO [2022-01-27 10:35:50,635] Opening		Wednesday October 13, 2021 11-43 AM.dat
INFO [2022-01-27 10:35:50,635] Processing	Wednesday October 13, 2021 11-43 AM.dat
INFO [2022-01-27 10:36:30,962] === Completed === Wednesday October 13, 2021 11-43 AM.dat

INFO [2022-01-27 10:36:30,963] Opening		Wednesday October 6, 2021 07-17 AM.dat
INFO [2022-01-27 10:36:30,964] Processing	Wednesday October 6, 2021 07-17 AM.dat
INFO [2022-01-27 10:37:17,085] === Completed === Wednesday October 6, 2021 07-17 AM.dat

INFO [2022-01-27 10:37:17,085] Opening		Wednesday September 15, 2021 05-51 AM.dat
INFO [2022-01-27 10:37:17,087] Processing	Wednesday September 15, 2021 05-51 AM.dat
INFO [2022-01-27 10:37:33,951] === Completed === Wednesday September 15, 2021 05-51 AM.dat

INFO [2022-01-27 10:37:33,951] Opening		Wednesday September 22, 2021 11-38 AM.dat
INFO [2022-01-27 10:37:33,953] Processing	Wednesday September 22, 2021 11-38 AM.dat
INFO [2022-01-27 10:38:16,863] === Completed === Wednesday September 22, 2021 11-38 AM.dat

INFO [2022-01-27 10:38:16,864] Opening		Wednesday September 29, 2021 11-08 AM.dat
INFO [2022-01-27 10:38:16,864] Processing	Wednesday September 29, 2021 11-08 AM.dat
INFO [2022-01-27 10:38:49,620] === Completed === Wednesday September 29, 2021 11-08 AM.dat

